build/app/outputs/mapping/release/seeds.txt
com.example.quran_app.MainActivity
com.example.quran_app.MainActivity: MainActivity()
...
androidx.window.layout.SidecarCompat: void onWindowLayoutChangeListenerAdded(android.app.Activity)
androidx.window.layout.WindowBackend: void unregisterLayoutChangeCallback(androidx.core.util.Consumer)
androidx.core.view.WindowInsetsCompat$Impl20: androidx.core.graphics.Insets getInsets(int,boolean)
kotlinx.coroutines.scheduling.WorkQueue: WorkQueue()
io.flutter.embedding.android.FlutterSplashView$SavedState: android.os.Bundle access$702(io.flutter.embedding.android.FlutterSplashView$SavedState,android.os.Bundle)
io.flutter.embedding.engine.FlutterJNI: void nativePrefetchDefaultFontManager()
androidx.window.embedding.SplitController$Companion: androidx.window.embedding.SplitController getInstance()
androidx.window.embedding.ExtensionEmbeddingBackend: boolean isSplitSupported()
io.flutter.embedding.engine.loader.FlutterLoader: FlutterLoader()
kotlinx.coroutines.android.AndroidDispatcherFactory: AndroidDispatcherFactory()
androidx.core.view.WindowInsetsCompat$Impl21: androidx.core.graphics.Insets getStableInsets()
io.flutter.embedding.engine.FlutterJNI: void nativeCleanupMessageData(long)
androidx.window.layout.FoldingFeature$OcclusionType$Companion: FoldingFeature$OcclusionType$Companion()
androidx.window.embedding.SplitPairRule: boolean getFinishPrimaryWithSecondary()
io.flutter.embedding.engine.FlutterJNI: io.flutter.view.FlutterCallbackInformation nativeLookupCallbackInformation(long)
io.flutter.plugins.GeneratedPluginRegistrant: GeneratedPluginRegistrant()
androidx.window.layout.SidecarAdapter: SidecarAdapter()
androidx.window.layout.HardwareFoldingFeature$Type$Companion: androidx.window.layout.HardwareFoldingFeature$Type getFOLD()
androidx.window.layout.FoldingFeature$OcclusionType$Companion: FoldingFeature$OcclusionType$Companion(kotlin.jvm.internal.DefaultConstructorMarker)
androidx.window.embedding.ExtensionEmbeddingBackend: void access$setGlobalInstance$cp(androidx.window.embedding.ExtensionEmbeddingBackend)
io.flutter.embedding.engine.mutatorsstack.FlutterMutatorView: void setOnDescendantFocusChangeListener(android.view.View$OnFocusChangeListener)
io.flutter.embedding.engine.systemchannels.PlatformChannel$Brightness: io.flutter.embedding.engine.systemchannels.PlatformChannel$Brightness valueOf(java.lang.String)
androidx.window.embedding.SplitRuleParser: SplitRuleParser()
io.flutter.plugin.editing.ImeSyncDeferringInsetsCallback: boolean access$100(io.flutter.plugin.editing.ImeSyncDeferringInsetsCallback)
androidx.window.embedding.SplitPlaceholderRule: SplitPlaceholderRule(java.util.Set,android.content.Intent,int,int,float,int)
androidx.core.view.ViewCompat$Api21Impl: void setNestedScrollingEnabled(android.view.View,boolean)
androidx.core.view.WindowInsetsCompat$Impl28: WindowInsetsCompat$Impl28(androidx.core.view.WindowInsetsCompat,androidx.core.view.WindowInsetsCompat$Impl28)
androidx.window.layout.WindowMetricsCalculatorCompat: android.graphics.Rect computeWindowBoundsIceCreamSandwich$window_release(android.app.Activity)
androidx.window.layout.WindowMetricsCalculator$Companion: void overrideDecorator(androidx.window.layout.WindowMetricsCalculatorDecorator)
androidx.window.layout.ExtensionsWindowLayoutInfoAdapter: boolean validBounds(android.app.Activity,androidx.window.core.Bounds)
androidx.window.embedding.ActivityStack: int hashCode()
androidx.window.embedding.SplitPairRule: boolean getFinishSecondaryWithPrimary()
androidx.window.embedding.EmbeddingInterfaceCompat: void setEmbeddingCallback(androidx.window.embedding.EmbeddingInterfaceCompat$EmbeddingCallbackInterface)
androidx.window.java.layout.WindowInfoTrackerCallbackAdapter: void removeWindowLayoutInfoListener(androidx.core.util.Consumer)
io.flutter.embedding.android.KeyData$Type: io.flutter.embedding.android.KeyData$Type valueOf(java.lang.String)
io.flutter.embedding.engine.systemchannels.SettingsChannel$PlatformBrightness: io.flutter.embedding.engine.systemchannels.SettingsChannel$PlatformBrightness[] values()