build/app/outputs/mapping/release/mapping.txt
# compiler: R8
# compiler_version: 3.3.70
# min_api: 19
# common_typos_disable
# {"id":"com.android.tools.r8.mapping","version":"2.0"}
# pg_map_id: 6ea1142
# pg_map_hash: SHA-256 6ea11425358a7e58d0e2087e54709e570ff1d498d09955bea309a70ff500326e
...
io.flutter.plugins.pathprovider.Messages$PathProviderApi$$ExternalSyntheticLambda6 -> a0.h:
# {"id":"sourceFile","fileName":"R8$$SyntheticClass"}
# {"id":"com.android.tools.r8.synthesized"}
    io.flutter.plugins.pathprovider.Messages$PathProviderApi io.flutter.plugins.pathprovider.Messages$PathProviderApi$$InternalSyntheticLambda$2$3b37b83339974dd347b68fe5b235e9d3690f45e922a8888479de9ed059ddddbd$6.f$0 -> a
    void io.flutter.plugins.pathprovider.Messages$PathProviderApi$$InternalSyntheticLambda$2$3b37b83339974dd347b68fe5b235e9d3690f45e922a8888479de9ed059ddddbd$6.<init>(io.flutter.plugins.pathprovider.Messages$PathProviderApi) -> <init>
      # {"id":"com.android.tools.r8.synthesized"}
    void io.flutter.plugins.pathprovider.Messages$PathProviderApi$$InternalSyntheticLambda$2$3b37b83339974dd347b68fe5b235e9d3690f45e922a8888479de9ed059ddddbd$6.onMessage(java.lang.Object,io.flutter.plugin.common.BasicMessageChannel$Reply) -> a
      # {"id":"com.android.tools.r8.synthesized"}
io.flutter.plugins.pathprovider.Messages$PathProviderApi$-CC -> a0.i:
# {"id":"sourceFile","fileName":"R8$$SyntheticClass"}
# {"id":"com.android.tools.r8.synthesized"}
    io.flutter.plugin.common.MessageCodec getCodec() -> a
      # {"id":"com.android.tools.r8.synthesized"}
    void lambda$setup$0(io.flutter.plugins.pathprovider.Messages$PathProviderApi,java.lang.Object,io.flutter.plugin.common.BasicMessageChannel$Reply) -> b
      # {"id":"com.android.tools.r8.synthesized"}
    void lambda$setup$1(io.flutter.plugins.pathprovider.Messages$PathProviderApi,java.lang.Object,io.flutter.plugin.common.BasicMessageChannel$Reply) -> c
      # {"id":"com.android.tools.r8.synthesized"}
    void lambda$setup$2(io.flutter.plugins.pathprovider.Messages$PathProviderApi,java.lang.Object,io.flutter.plugin.common.BasicMessageChannel$Reply) -> d
      # {"id":"com.android.tools.r8.synthesized"}
    void lambda$setup$3(io.flutter.plugins.pathprovider.Messages$PathProviderApi,java.lang.Object,io.flutter.plugin.common.BasicMessageChannel$Reply) -> e
      # {"id":"com.android.tools.r8.synthesized"}
    void lambda$setup$4(io.flutter.plugins.pathprovider.Messages$PathProviderApi,java.lang.Object,io.flutter.plugin.common.BasicMessageChannel$Reply) -> f
      # {"id":"com.android.tools.r8.synthesized"}
    void lambda$setup$5(io.flutter.plugins.pathprovider.Messages$PathProviderApi,java.lang.Object,io.flutter.plugin.common.BasicMessageChannel$Reply) -> g
io.flutter.plugins.pathprovider.Messages$StorageDirectory -> a0.a$c:
    io.flutter.plugins.pathprovider.Messages$StorageDirectory DOWNLOADS -> m
    io.flutter.plugins.pathprovider.Messages$StorageDirectory DCIM -> n
    io.flutter.plugins.pathprovider.Messages$StorageDirectory PICTURES -> k
    io.flutter.plugins.pathprovider.Messages$StorageDirectory MOVIES -> l
    io.flutter.plugins.pathprovider.Messages$StorageDirectory DOCUMENTS -> o
    int index -> d
    io.flutter.plugins.pathprovider.Messages$StorageDirectory[] $VALUES -> p
    io.flutter.plugins.pathprovider.Messages$StorageDirectory ROOT -> e
    io.flutter.plugins.pathprovider.Messages$StorageDirectory MUSIC -> f
    io.flutter.plugins.pathprovider.Messages$StorageDirectory ALARMS -> i
    io.flutter.plugins.pathprovider.Messages$StorageDirectory NOTIFICATIONS -> j
    io.flutter.plugins.pathprovider.Messages$StorageDirectory PODCASTS -> g
    io.flutter.plugins.pathprovider.Messages$StorageDirectory RINGTONES -> h
    io.flutter.plugins.pathprovider.Messages$StorageDirectory[] $values() -> a